#
# There is insufficient memory for the Java Runtime Environment to continue.
# Native memory allocation (mmap) failed to map 131072 bytes for committing reserved memory.
# Possible reasons:
#   The system is out of physical RAM or swap space
#   In 32 bit mode, the process size limit was hit
# Possible solutions:
#   Reduce memory load on the system
#   Increase physical memory or swap space
#   Check if swap backing store is full
#   Use 64 bit Java on a 64 bit OS
#   Decrease Java heap size (-Xmx/-Xms)
#   Decrease number of Java threads
#   Decrease Java thread stack sizes (-Xss)
#   Set larger code cache with -XX:ReservedCodeCacheSize=
# This output file may be truncated or incomplete.
#
#  Out of Memory Error (os_linux.cpp:2627), pid=4805, tid=0xb6684b40
#
# JRE version: Java(TM) SE Runtime Environment (8.0_111-b14) (build 1.8.0_111-b14)
# Java VM: Java HotSpot(TM) Server VM (25.111-b14 mixed mode linux-x86 )
# Failed to write core dump. Core dumps have been disabled. To enable core dumping, try "ulimit -c unlimited" before starting Java again
#

---------------  T H R E A D  ---------------

Current thread (0xb650c400):  JavaThread "main" [_thread_in_vm, id=4816, stack(0xb6634000,0xb6685000)]

Stack: [0xb6634000,0xb6685000],  sp=0xb668333c,  free space=316k
Native frames: (J=compiled Java code, j=interpreted, Vv=VM code, C=native code)
V  [libjvm.so+0x8d5b9f]  VMError::report_and_die()+0x16f
V  [libjvm.so+0x38e6d5]  report_vm_out_of_memory(char const*, int, unsigned int, VMErrorType, char const*)+0x55
V  [libjvm.so+0x756a26]  os::Linux::commit_memory_impl(char*, unsigned int, bool)+0xe6
V  [libjvm.so+0x756ef8]  os::pd_commit_memory(char*, unsigned int, unsigned int, bool)+0x28
V  [libjvm.so+0x750e1c]  os::commit_memory(char*, unsigned int, unsigned int, bool)+0x2c
V  [libjvm.so+0x8d1c3c]  VirtualSpace::expand_by(unsigned int, bool)+0x1ec
V  [libjvm.so+0x6e5fd2]  VirtualSpaceList::expand_node_by(VirtualSpaceNode*, unsigned int, unsigned int)+0x52
V  [libjvm.so+0x6e7fe4]  VirtualSpaceList::expand_by(unsigned int, unsigned int)+0xa4
V  [libjvm.so+0x6e8115]  VirtualSpaceList::get_new_chunk(unsigned int, unsigned int, unsigned int)+0x85
V  [libjvm.so+0x6e94a4]  SpaceManager::grow_and_allocate(unsigned int)+0x264
V  [libjvm.so+0x6e9681]  SpaceManager::allocate_work(unsigned int)+0x131
V  [libjvm.so+0x6e96f1]  SpaceManager::allocate(unsigned int)+0x61
V  [libjvm.so+0x6e982f]  Metaspace::allocate(ClassLoaderData*, unsigned int, bool, MetaspaceObj::Type, Thread*)+0x9f
V  [libjvm.so+0x38cc07]  ConstantPoolCache::allocate(ClassLoaderData*, intStack const&, intStack const&, intStack const&, Thread*)+0x37
V  [libjvm.so+0x7d65fd]  Rewriter::make_constant_pool_cache(Thread*)+0x3d
V  [libjvm.so+0x7da054]  Rewriter::Rewriter(instanceKlassHandle, constantPoolHandle, Array<Method*>*, Thread*)+0x1e4
V  [libjvm.so+0x7da74c]  Rewriter::rewrite(instanceKlassHandle, Thread*)+0xcc
V  [libjvm.so+0x4ca0c4]  InstanceKlass::rewrite_class(Thread*)+0x24
V  [libjvm.so+0x4d4e2e]  InstanceKlass::link_class_impl(instanceKlassHandle, bool, Thread*)+0x49e
V  [libjvm.so+0x4d6320]  InstanceKlass::initialize_impl(instanceKlassHandle, Thread*)+0x40
V  [libjvm.so+0x4d6771]  InstanceKlass::initialize(Thread*)+0x31
V  [libjvm.so+0x4f3d31]  InterpreterRuntime::_new(JavaThread*, ConstantPool*, int)+0x221
j  com.google.gwt.dev.jjs.impl.JsFunctionClusterer.exec()V+69
j  com.google.gwt.dev.jjs.JavaToJavaScriptCompiler.generateJavaScriptCode(Lcom/google/gwt/dev/jjs/impl/JavaToJavaScriptMap;[Ljava/lang/String;[Lcom/google/gwt/core/ext/linker/StatementRanges;[Lcom/google/gwt/dev/js/SizeBreakdown;Ljava/util/List;Z)V+281
j  com.google.gwt.dev.jjs.JavaToJavaScriptCompiler.compilePermutation(Lcom/google/gwt/dev/Permutation;Lcom/google/gwt/dev/jjs/UnifiedAst;)Lcom/google/gwt/dev/jjs/PermutationResult;+617
j  com.google.gwt.dev.jjs.JavaToJavaScriptCompiler.compilePermutation(Lcom/google/gwt/dev/jjs/UnifiedAst;Lcom/google/gwt/core/ext/TreeLogger;Lcom/google/gwt/dev/CompilerContext;Lcom/google/gwt/dev/Permutation;)Lcom/google/gwt/dev/jjs/PermutationResult;+15
j  com.google.gwt.dev.CompilePerms.compile(Lcom/google/gwt/core/ext/TreeLogger;Lcom/google/gwt/dev/CompilerContext;Lcom/google/gwt/dev/Permutation;Lcom/google/gwt/dev/jjs/UnifiedAst;)Lcom/google/gwt/dev/jjs/PermutationResult;+4
j  com.google.gwt.dev.CompilePermsServer.compilePermutation(Lcom/google/gwt/core/ext/TreeLogger;Lcom/google/gwt/dev/jjs/UnifiedAst;Ljava/io/ObjectInputStream;Ljava/io/ObjectOutputStream;)V+67
j  com.google.gwt.dev.CompilePermsServer.run(Lcom/google/gwt/dev/CompilePermsServer$CompileServerOptions;Lcom/google/gwt/core/ext/TreeLogger;)Z+163
j  com.google.gwt.dev.CompilePermsServer.main([Ljava/lang/String;)V+45
v  ~StubRoutines::call_stub
V  [libjvm.so+0x4ff1af]  JavaCalls::call_helper(JavaValue*, methodHandle*, JavaCallArguments*, Thread*)+0x101f
V  [libjvm.so+0x751b49]  os::os_exception_wrapper(void (*)(JavaValue*, methodHandle*, JavaCallArguments*, Thread*), JavaValue*, methodHandle*, JavaCallArguments*, Thread*)+0x19
V  [libjvm.so+0x4fd77f]  JavaCalls::call(JavaValue*, methodHandle, JavaCallArguments*, Thread*)+0x2f
V  [libjvm.so+0x5477d7]  jni_invoke_static(JNIEnv_*, JavaValue*, _jobject*, JNICallType, _jmethodID*, JNI_ArgumentPusher*, Thread*)+0x387
V  [libjvm.so+0x55a25f]  jni_CallStaticVoidMethod+0xdf
C  [libjli.so+0x7679]  JavaMain+0x8e9
C  [libpthread.so.0+0x6295]  start_thread+0xe5
C  [libc.so.6+0xe6eee]  clone+0x6e

Java frames: (J=compiled Java code, j=interpreted, Vv=VM code)
j  com.google.gwt.dev.jjs.impl.JsFunctionClusterer.exec()V+69
j  com.google.gwt.dev.jjs.JavaToJavaScriptCompiler.generateJavaScriptCode(Lcom/google/gwt/dev/jjs/impl/JavaToJavaScriptMap;[Ljava/lang/String;[Lcom/google/gwt/core/ext/linker/StatementRanges;[Lcom/google/gwt/dev/js/SizeBreakdown;Ljava/util/List;Z)V+281
j  com.google.gwt.dev.jjs.JavaToJavaScriptCompiler.compilePermutation(Lcom/google/gwt/dev/Permutation;Lcom/google/gwt/dev/jjs/UnifiedAst;)Lcom/google/gwt/dev/jjs/PermutationResult;+617
j  com.google.gwt.dev.jjs.JavaToJavaScriptCompiler.compilePermutation(Lcom/google/gwt/dev/jjs/UnifiedAst;Lcom/google/gwt/core/ext/TreeLogger;Lcom/google/gwt/dev/CompilerContext;Lcom/google/gwt/dev/Permutation;)Lcom/google/gwt/dev/jjs/PermutationResult;+15
j  com.google.gwt.dev.CompilePerms.compile(Lcom/google/gwt/core/ext/TreeLogger;Lcom/google/gwt/dev/CompilerContext;Lcom/google/gwt/dev/Permutation;Lcom/google/gwt/dev/jjs/UnifiedAst;)Lcom/google/gwt/dev/jjs/PermutationResult;+4
j  com.google.gwt.dev.CompilePermsServer.compilePermutation(Lcom/google/gwt/core/ext/TreeLogger;Lcom/google/gwt/dev/jjs/UnifiedAst;Ljava/io/ObjectInputStream;Ljava/io/ObjectOutputStream;)V+67
j  com.google.gwt.dev.CompilePermsServer.run(Lcom/google/gwt/dev/CompilePermsServer$CompileServerOptions;Lcom/google/gwt/core/ext/TreeLogger;)Z+163
j  com.google.gwt.dev.CompilePermsServer.main([Ljava/lang/String;)V+45
v  ~StubRoutines::call_stub

---------------  P R O C E S S  ---------------

Java Threads: ( => current thread )
  0x63c70c00 JavaThread "Service Thread" daemon [_thread_blocked, id=4837, stack(0x6357b000,0x635cc000)]
  0x63c6d800 JavaThread "C1 CompilerThread1" daemon [_thread_blocked, id=4834, stack(0x635cc000,0x6364d000)]
  0x63c6bc00 JavaThread "C2 CompilerThread0" daemon [_thread_blocked, id=4832, stack(0x6364d000,0x636ce000)]
  0x63c6a400 JavaThread "Signal Dispatcher" daemon [_thread_blocked, id=4830, stack(0x63b0d000,0x63b5e000)]
  0x63c50000 JavaThread "Finalizer" daemon [_thread_blocked, id=4828, stack(0x63b5e000,0x63baf000)]
  0x63c4d000 JavaThread "Reference Handler" daemon [_thread_blocked, id=4826, stack(0x63baf000,0x63c00000)]
=>0xb650c400 JavaThread "main" [_thread_in_vm, id=4816, stack(0xb6634000,0xb6685000)]

Other Threads:
  0x63c48800 VMThread [stack: 0x63d0c000,0x63d8d000] [id=4825]
  0x63c72800 WatcherThread [stack: 0x634fa000,0x6357b000] [id=4838]

VM state:synchronizing (normal execution)

VM Mutex/Monitor currently owned by a thread:  ([mutex/lock_event])
[0xb6509870] Threads_lock - owner thread: 0x63c48800

Heap:
 PSYoungGen      total 308480K, used 64110K [0x91ac0000, 0xa7000000, 0xa7000000)
  eden space 272128K, 10% used [0x91ac0000,0x93735b40,0xa2480000)
  from space 36352K, 96% used [0xa4c80000,0xa6ea5ee8,0xa7000000)
  to   space 38656K, 0% used [0xa2480000,0xa2480000,0xa4a40000)
 ParOldGen       total 699136K, used 24K [0x67000000, 0x91ac0000, 0x91ac0000)
  object space 699136K, 0% used [0x67000000,0x67006000,0x91ac0000)
 Metaspace       used 9131K, capacity 9348K, committed 9368K, reserved 9520K

Card table byte_map: [0x66dff000,0x67000000] byte_map_base: 0x66ac7000

Marking Bits: (ParMarkBitMap*) 0xb70e58c0
 Begin Bits: [0x64800000, 0x65800000)
 End Bits:   [0x65800000, 0x66800000)

Polling page: 0xb76f3000

CodeCache: size=245760Kb used=10190Kb max_used=10740Kb free=235569Kb
 bounds [0xa7493000, 0xa7f23000, 0xb6493000]
 total_blobs=5100 nmethods=4930 adapters=80
 compilation: enabled

Compilation events (10 events):
Event: 33,567 Thread 0x63c6d800 6602       3       java.util.regex.Matcher::lookingAt (10 bytes)
Event: 33,567 Thread 0x63c6d800 nmethod 6602 0xa7965fc8 code [0xa79660e0, 0xa796624c]
Event: 33,567 Thread 0x63c6d800 6594       3       java.util.regex.Pattern$BitClass::isSatisfiedBy (22 bytes)
Event: 33,567 Thread 0x63c6d800 nmethod 6594 0xa796c588 code [0xa796c6a0, 0xa796c800]
Event: 33,567 Thread 0x63c6d800 6603       3       java.util.regex.Pattern$BranchConn::match (11 bytes)
Event: 33,567 Thread 0x63c6d800 nmethod 6603 0xa79c8208 code [0xa79c8320, 0xa79c84ac]
Event: 33,567 Thread 0x63c6d800 6605       3       java.util.regex.Pattern$Node::match (27 bytes)
Event: 33,567 Thread 0x63c6d800 nmethod 6605 0xa78ca888 code [0xa78ca9a0, 0xa78caac0]
Event: 33,567 Thread 0x63c6d800 6607       3       java.util.regex.Pattern$Curly::match (86 bytes)
Event: 33,567 Thread 0x63c6d800 nmethod 6607 0xa75e0948 code [0xa75e0aa0, 0xa75e0f90]

GC Heap History (10 events):
Event: 10,174 GC heap before
{Heap before GC invocations=2 (full 0):
 PSYoungGen      total 305920K, used 292869K [0x91ac0000, 0xa7000000, 0xa7000000)
  eden space 262400K, 100% used [0x91ac0000,0xa1b00000,0xa1b00000)
  from space 43520K, 70% used [0xa1b00000,0xa38c1780,0xa4580000)
  to   space 43520K, 0% used [0xa4580000,0xa4580000,0xa7000000)
 ParOldGen       total 699136K, used 4K [0x67000000, 0x91ac0000, 0x91ac0000)
  object space 699136K, 0% used [0x67000000,0x67001000,0x91ac0000)
 Metaspace       used 7314K, capacity 7556K, committed 7576K, reserved 8496K
Event: 10,250 GC heap after
Heap after GC invocations=2 (full 0):
 PSYoungGen      total 305920K, used 25442K [0x91ac0000, 0xa7000000, 0xa7000000)
  eden space 262400K, 0% used [0x91ac0000,0x91ac0000,0xa1b00000)
  from space 43520K, 58% used [0xa4580000,0xa5e58b78,0xa7000000)
  to   space 43520K, 0% used [0xa1b00000,0xa1b00000,0xa4580000)
 ParOldGen       total 699136K, used 8K [0x67000000, 0x91ac0000, 0x91ac0000)
  object space 699136K, 0% used [0x67000000,0x67002000,0x91ac0000)
 Metaspace       used 7314K, capacity 7556K, committed 7576K, reserved 8496K
}
Event: 11,979 GC heap before
{Heap before GC invocations=3 (full 0):
 PSYoungGen      total 305920K, used 287842K [0x91ac0000, 0xa7000000, 0xa7000000)
  eden space 262400K, 100% used [0x91ac0000,0xa1b00000,0xa1b00000)
  from space 43520K, 58% used [0xa4580000,0xa5e58b78,0xa7000000)
  to   space 43520K, 0% used [0xa1b00000,0xa1b00000,0xa4580000)
 ParOldGen       total 699136K, used 8K [0x67000000, 0x91ac0000, 0x91ac0000)
  object space 699136K, 0% used [0x67000000,0x67002000,0x91ac0000)
 Metaspace       used 7712K, capacity 7940K, committed 7960K, reserved 8496K
Event: 12,039 GC heap after
Heap after GC invocations=3 (full 0):
 PSYoungGen      total 305920K, used 25850K [0x91ac0000, 0xa7000000, 0xa7000000)
  eden space 262400K, 0% used [0x91ac0000,0x91ac0000,0xa1b00000)
  from space 43520K, 59% used [0xa1b00000,0xa343ead8,0xa4580000)
  to   space 43520K, 0% used [0xa4580000,0xa4580000,0xa7000000)
 ParOldGen       total 699136K, used 12K [0x67000000, 0x91ac0000, 0x91ac0000)
  object space 699136K, 0% used [0x67000000,0x67003000,0x91ac0000)
 Metaspace       used 7712K, capacity 7940K, committed 7960K, reserved 8496K
}
Event: 12,521 GC heap before
{Heap before GC invocations=4 (full 0):
 PSYoungGen      total 305920K, used 288250K [0x91ac0000, 0xa7000000, 0xa7000000)
  eden space 262400K, 100% used [0x91ac0000,0xa1b00000,0xa1b00000)
  from space 43520K, 59% used [0xa1b00000,0xa343ead8,0xa4580000)
  to   space 43520K, 0% used [0xa4580000,0xa4580000,0xa7000000)
 ParOldGen       total 699136K, used 12K [0x67000000, 0x91ac0000, 0x91ac0000)
  object space 699136K, 0% used [0x67000000,0x67003000,0x91ac0000)
 Metaspace       used 7719K, capacity 7972K, committed 8088K, reserved 8496K
Event: 12,585 GC heap after
Heap after GC invocations=4 (full 0):
 PSYoungGen      total 305920K, used 25592K [0x91ac0000, 0xa7000000, 0xa7000000)
  eden space 262400K, 0% used [0x91ac0000,0x91ac0000,0xa1b00000)
  from space 43520K, 58% used [0xa4580000,0xa5e7e1f8,0xa7000000)
  to   space 43520K, 0% used [0xa1b00000,0xa1b00000,0xa4580000)
 ParOldGen       total 699136K, used 12K [0x67000000, 0x91ac0000, 0x91ac0000)
  object space 699136K, 0% used [0x67000000,0x67003000,0x91ac0000)
 Metaspace       used 7719K, capacity 7972K, committed 8088K, reserved 8496K
}
Event: 17,196 GC heap before
{Heap before GC invocations=5 (full 0):
 PSYoungGen      total 305920K, used 287992K [0x91ac0000, 0xa7000000, 0xa7000000)
  eden space 262400K, 100% used [0x91ac0000,0xa1b00000,0xa1b00000)
  from space 43520K, 58% used [0xa4580000,0xa5e7e1f8,0xa7000000)
  to   space 43520K, 0% used [0xa1b00000,0xa1b00000,0xa4580000)
 ParOldGen       total 699136K, used 12K [0x67000000, 0x91ac0000, 0x91ac0000)
  object space 699136K, 0% used [0x67000000,0x67003000,0x91ac0000)
 Metaspace       used 8774K, capacity 9028K, committed 9112K, reserved 9520K
Event: 17,253 GC heap after
Heap after GC invocations=5 (full 0):
 PSYoungGen      total 305920K, used 36065K [0x91ac0000, 0xa7000000, 0xa7000000)
  eden space 262400K, 0% used [0x91ac0000,0x91ac0000,0xa1b00000)
  from space 43520K, 82% used [0xa1b00000,0xa3e384d0,0xa4580000)
  to   space 36352K, 0% used [0xa4c80000,0xa4c80000,0xa7000000)
 ParOldGen       total 699136K, used 20K [0x67000000, 0x91ac0000, 0x91ac0000)
  object space 699136K, 0% used [0x67000000,0x67005000,0x91ac0000)
 Metaspace       used 8774K, capacity 9028K, committed 9112K, reserved 9520K
}
Event: 26,656 GC heap before
{Heap before GC invocations=6 (full 0):
 PSYoungGen      total 305920K, used 298465K [0x91ac0000, 0xa7000000, 0xa7000000)
  eden space 262400K, 100% used [0x91ac0000,0xa1b00000,0xa1b00000)
  from space 43520K, 82% used [0xa1b00000,0xa3e384d0,0xa4580000)
  to   space 36352K, 0% used [0xa4c80000,0xa4c80000,0xa7000000)
 ParOldGen       total 699136K, used 20K [0x67000000, 0x91ac0000, 0x91ac0000)
  object space 699136K, 0% used [0x67000000,0x67005000,0x91ac0000)
 Metaspace       used 9065K, capacity 9316K, committed 9368K, reserved 9520K
Event: 26,711 GC heap after
Heap after GC invocations=6 (full 0):
 PSYoungGen      total 308480K, used 34967K [0x91ac0000, 0xa7000000, 0xa7000000)
  eden space 272128K, 0% used [0x91ac0000,0x91ac0000,0xa2480000)
  from space 36352K, 96% used [0xa4c80000,0xa6ea5ee8,0xa7000000)
  to   space 38656K, 0% used [0xa2480000,0xa2480000,0xa4a40000)
 ParOldGen       total 699136K, used 24K [0x67000000, 0x91ac0000, 0x91ac0000)
  object space 699136K, 0% used [0x67000000,0x67006000,0x91ac0000)
 Metaspace       used 9065K, capacity 9316K, committed 9368K, reserved 9520K
}

Deoptimization events (10 events):
Event: 22,448 Thread 0xb650c400 Uncommon trap: reason=class_check action=maybe_recompile pc=0xa7801c08 method=java.util.LinkedHashMap.afterNodeInsertion(Z)V @ 15
Event: 22,448 Thread 0xb650c400 Uncommon trap: reason=class_check action=maybe_recompile pc=0xa7801c08 method=java.util.LinkedHashMap.afterNodeInsertion(Z)V @ 15
Event: 22,448 Thread 0xb650c400 Uncommon trap: reason=unstable_if action=reinterpret pc=0xa7613cd0 method=sun.misc.MetaIndex.mayContain(Ljava/lang/String;)Z @ 13
Event: 26,436 Thread 0xb650c400 Uncommon trap: reason=unstable_if action=reinterpret pc=0xa7745d00 method=java.lang.AbstractStringBuilder.append([CII)Ljava/lang/AbstractStringBuilder; @ 1
Event: 26,970 Thread 0xb650c400 Uncommon trap: reason=unstable_if action=reinterpret pc=0xa7f084c0 method=com.google.gwt.dev.js.ast.JsVars$JsVar.traverse(Lcom/google/gwt/dev/js/ast/JsVisitor;Lcom/google/gwt/dev/js/ast/JsContext;)V @ 6
Event: 26,977 Thread 0xb650c400 Uncommon trap: reason=unstable_if action=reinterpret pc=0xa7eb16c0 method=com.google.gwt.dev.js.ast.JsVars.traverse(Lcom/google/gwt/dev/js/ast/JsVisitor;Lcom/google/gwt/dev/js/ast/JsContext;)V @ 6
Event: 26,977 Thread 0xb650c400 Uncommon trap: reason=unstable_if action=reinterpret pc=0xa7eb2980 method=com.google.gwt.dev.js.ast.JsArrayLiteral.traverse(Lcom/google/gwt/dev/js/ast/JsVisitor;Lcom/google/gwt/dev/js/ast/JsContext;)V @ 6
Event: 26,977 Thread 0xb650c400 Uncommon trap: reason=unstable_if action=reinterpret pc=0xa7ef24cc method=com.google.gwt.dev.util.AbstractTextOutput.maybeIndent()V @ 4
Event: 28,405 Thread 0xb650c400 Uncommon trap: reason=unstable_if action=reinterpret pc=0xa764c5e4 method=com.google.gwt.util.tools.shared.StringUtils.javaScriptString(Ljava/lang/String;)Ljava/lang/String; @ 86
Event: 33,463 Thread 0xb650c400 Uncommon trap: reason=unstable_if action=reinterpret pc=0xa7cf3798 method=java.util.regex.Pattern.expr(Ljava/util/regex/Pattern$Node;)Ljava/util/regex/Pattern$Node; @ 129

Internal exceptions (10 events):
Event: 12,685 Thread 0xb650c400 Implicit null exception at 0xa7c9511e to 0xa7c95d15
Event: 12,732 Thread 0xb650c400 Implicit null exception at 0xa7caf700 to 0xa7cafd5d
Event: 15,394 Thread 0xb650c400 Implicit null exception at 0xa791d65c to 0xa791d949
Event: 15,394 Thread 0xb650c400 Implicit null exception at 0xa773c18b to 0xa773c1d0
Event: 16,037 Thread 0xb650c400 Implicit null exception at 0xa79eaee3 to 0xa79eba01
Event: 16,792 Thread 0xb650c400 Implicit null exception at 0xa7a94edf to 0xa7a9531d
Event: 22,518 Thread 0xb650c400 Exception <a 'java/security/PrivilegedActionException'> (0xa152d238) thrown at [/HUDSON/workspace/8-2-build-linux-i586/jdk8u111/7883/hotspot/src/share/vm/prims/jvm.cpp, line 1386]
Event: 22,518 Thread 0xb650c400 Exception <a 'java/security/PrivilegedActionException'> (0xa152d438) thrown at [/HUDSON/workspace/8-2-build-linux-i586/jdk8u111/7883/hotspot/src/share/vm/prims/jvm.cpp, line 1386]
Event: 22,518 Thread 0xb650c400 Exception <a 'java/security/PrivilegedActionException'> (0xa152f820) thrown at [/HUDSON/workspace/8-2-build-linux-i586/jdk8u111/7883/hotspot/src/share/vm/prims/jvm.cpp, line 1386]
Event: 22,518 Thread 0xb650c400 Exception <a 'java/security/PrivilegedActionException'> (0xa152fa20) thrown at [/HUDSON/workspace/8-2-build-linux-i586/jdk8u111/7883/hotspot/src/share/vm/prims/jvm.cpp, line 1386]

Events (10 events):
Event: 28,753 loading class com/google/gwt/core/ext/linker/impl/StandardStatementRanges done
Event: 31,130 loading class com/google/gwt/thirdparty/guava/common/primitives/Ints$IntArrayAsList
Event: 31,464 loading class com/google/gwt/thirdparty/guava/common/primitives/Ints$IntArrayAsList done
Event: 33,160 loading class com/google/gwt/dev/jjs/JsSourceMap
Event: 33,172 loading class com/google/gwt/dev/jjs/JsSourceMap done
Event: 33,463 Thread 0xb650c400 Uncommon trap: trap_request=0xffffff65 fr.pc=0xa7cf3798
Event: 33,463 Thread 0xb650c400 DEOPT PACKING pc=0xa7cf3798 sp=0xb6683820
Event: 33,469 Thread 0xb650c400 DEOPT UNPACKING pc=0xa74cde55 sp=0xb66837b4 mode 2
Event: 33,555 loading class com/google/gwt/dev/jjs/impl/JsFunctionClusterer$1
Event: 33,555 loading class com/google/gwt/dev/jjs/impl/JsFunctionClusterer$1 done


Dynamic libraries:
08048000-08049000 r-xp 00000000 08:01 422969     /usr/lib/jvm/java-8-oracle/jre/bin/java
08049000-0804a000 rw-p 00000000 08:01 422969     /usr/lib/jvm/java-8-oracle/jre/bin/java
09971000-09a03000 rw-p 00000000 00:00 0          [heap]
61700000-6178d000 rw-p 00000000 00:00 0 
6178d000-61800000 ---p 00000000 00:00 0 
61800000-618d7000 rw-p 00000000 00:00 0 
618d7000-61900000 ---p 00000000 00:00 0 
61900000-619ff000 rw-p 00000000 00:00 0 
619ff000-61a00000 ---p 00000000 00:00 0 
61c00000-61cca000 rw-p 00000000 00:00 0 
61cca000-61d00000 ---p 00000000 00:00 0 
61d00000-61dfb000 rw-p 00000000 00:00 0 
61dfb000-61e00000 ---p 00000000 00:00 0 
61e00000-61ef8000 rw-p 00000000 00:00 0 
61ef8000-61f00000 ---p 00000000 00:00 0 
61f00000-61ff9000 rw-p 00000000 00:00 0 
61ff9000-62000000 ---p 00000000 00:00 0 
62000000-620fa000 rw-p 00000000 00:00 0 
620fa000-62100000 ---p 00000000 00:00 0 
62100000-621e0000 rw-p 00000000 00:00 0 
62200000-622fd000 rw-p 00000000 00:00 0 
622fd000-62300000 ---p 00000000 00:00 0 
62300000-62400000 rw-p 00000000 00:00 0 
62400000-624ea000 rw-p 00000000 00:00 0 
624ea000-62500000 ---p 00000000 00:00 0 
62500000-625fe000 rw-p 00000000 00:00 0 
625fe000-62600000 ---p 00000000 00:00 0 
62600000-626fb000 rw-p 00000000 00:00 0 
626fb000-62700000 ---p 00000000 00:00 0 
62700000-62793000 rw-p 00000000 00:00 0 
62793000-62800000 ---p 00000000 00:00 0 
62800000-62900000 rw-p 00000000 00:00 0 
62900000-62a00000 rw-p 00000000 00:00 0 
62a00000-62af1000 rw-p 00000000 00:00 0 
62af1000-62b00000 ---p 00000000 00:00 0 
62b00000-62c00000 rw-p 00000000 00:00 0 
62c00000-62cfe000 rw-p 00000000 00:00 0 
62cfe000-62d00000 ---p 00000000 00:00 0 
62d00000-62e00000 rw-p 00000000 00:00 0 
62e00000-62efc000 rw-p 00000000 00:00 0 
62efc000-62f00000 ---p 00000000 00:00 0 
62f7a000-6313b000 rw-p 00000000 00:00 0 
6313b000-63200000 r--s 00d2a000 08:01 158089     /home/info/.gradle/caches/modules-2/files-2.1/com.google.gwt/gwt-dev/2.8.0/f160a61272c5ebe805cd2d3d3256ed3ecf14893f/gwt-dev-2.8.0.jar
63200000-63300000 rw-p 00000000 00:00 0 
63374000-6339a000 r--p 00000000 08:01 818633     /usr/share/locale-langpack/de/LC_MESSAGES/libc.mo
6339a000-633c8000 rw-p 00000000 00:00 0 
633c8000-634fa000 r--s 00e52000 08:01 157999     /home/info/.gradle/caches/modules-2/files-2.1/com.google.gwt/gwt-user/2.8.0/518579870499e15531f454f35dca0772d7fa31f7/gwt-user-2.8.0.jar
634fa000-634fb000 ---p 00000000 00:00 0 
634fb000-6357b000 rw-p 00000000 00:00 0 
6357b000-6357e000 ---p 00000000 00:00 0 
6357e000-635cc000 rw-p 00000000 00:00 0 
635cc000-635cf000 ---p 00000000 00:00 0 
635cf000-6364d000 rw-p 00000000 00:00 0 
6364d000-63650000 ---p 00000000 00:00 0 
63650000-636ce000 rw-p 00000000 00:00 0 
636ce000-63800000 r--p 00199000 08:01 297535     /usr/lib/locale/locale-archive
63800000-63a00000 r--p 00000000 08:01 297535     /usr/lib/locale/locale-archive
63a00000-63a21000 rw-p 00000000 00:00 0 
63a21000-63b00000 ---p 00000000 00:00 0 
63b0d000-63b10000 ---p 00000000 00:00 0 
63b10000-63b5e000 rw-p 00000000 00:00 0 
63b5e000-63b61000 ---p 00000000 00:00 0 
63b61000-63baf000 rw-p 00000000 00:00 0 
63baf000-63bb2000 ---p 00000000 00:00 0 
63bb2000-63c00000 rw-p 00000000 00:00 0 
63c00000-63cfe000 rw-p 00000000 00:00 0 
63cfe000-63d00000 ---p 00000000 00:00 0 
63d0c000-63d0d000 ---p 00000000 00:00 0 
63d0d000-63ddc000 rw-p 00000000 00:00 0 
63ddc000-63fb4000 r--s 03d2a000 08:01 422925     /usr/lib/jvm/java-8-oracle/jre/lib/rt.jar
63fb4000-643fa000 rw-p 00000000 00:00 0 
643fa000-64400000 ---p 00000000 00:00 0 
64400000-66800000 rw-p 00000000 00:00 0 
66800000-66821000 rw-p 00000000 00:00 0 
66821000-66900000 ---p 00000000 00:00 0 
66900000-669ff000 rw-p 00000000 00:00 0 
669ff000-66a00000 ---p 00000000 00:00 0 
66a0b000-66a12000 r--s 00000000 08:01 273406     /usr/lib/i386-linux-gnu/gconv/gconv-modules.cache
66a12000-66a20000 r--s 00081000 08:01 158094     /home/info/.gradle/caches/modules-2/files-2.1/colt/colt/1.2.0/abc984f3adc760684d49e0f11ddf167ba516d4f/colt-1.2.0.jar
66a20000-66a22000 r--s 00009000 08:01 158093     /home/info/.gradle/caches/modules-2/files-2.1/org.ow2.asm/asm-commons/5.0.3/a7111830132c7f87d08fe48cb0ca07630f8cb91c/asm-commons-5.0.3.jar
66a22000-66a23000 r--s 0000a000 08:01 158092     /home/info/.gradle/caches/modules-2/files-2.1/org.ow2.asm/asm-util/5.0.3/1512e5571325854b05fb1efce1db75fcced54389/asm-util-5.0.3.jar
66a23000-66a24000 r--s 0000c000 08:01 158091     /home/info/.gradle/caches/modules-2/files-2.1/org.ow2.asm/asm/5.0.3/dcc2193db20e19e1feca8b1240dbbc4e190824fa/asm-5.0.3.jar
66a24000-66a7f000 rw-p 00000000 00:00 0 
66a7f000-66a80000 ---p 00000000 00:00 0 
66a80000-66b00000 rw-p 00000000 00:00 0 
66b00000-66bfc000 rw-p 00000000 00:00 0 
66bfc000-66c00000 ---p 00000000 00:00 0 
66c00000-66c06000 r--s 00033000 08:01 158090     /home/info/.gradle/caches/modules-2/files-2.1/com.google.code.gson/gson/2.6.2/f1bc476cc167b18e66c297df599b2377131a8947/gson-2.6.2.jar
66c06000-66c0a000 r--s 00097000 08:01 422929     /usr/lib/jvm/java-8-oracle/jre/lib/jsse.jar
66c0a000-66c1f000 r-xp 00000000 08:01 422876     /usr/lib/jvm/java-8-oracle/jre/lib/i386/libnet.so
66c1f000-66c20000 rw-p 00015000 08:01 422876     /usr/lib/jvm/java-8-oracle/jre/lib/i386/libnet.so
66c20000-66c24000 r--s 0002f000 08:01 158088     /home/info/.gradle/caches/modules-2/files-2.1/com.google.gwt/gwt-codeserver/2.8.0/6c1bec5a7a57b4ba292eb958e61463ee61727369/gwt-codeserver-2.8.0.jar
66c24000-66c25000 r--s 00003000 08:01 158006     /home/info/.gradle/caches/modules-2/files-2.1/org.w3c.css/sac/1.3/cdb2dcb4e22b83d6b32b93095f644c3462739e82/sac-1.3.jar
66c25000-66c28000 r--s 00015000 08:01 158005     /home/info/.gradle/caches/modules-2/files-2.1/javax.servlet/javax.servlet-api/3.1.0/3cd63d075497751784b2fa84be59432f4905bf7c/javax.servlet-api-3.1.0.jar
66c28000-66c29000 ---p 00000000 00:00 0 
66c29000-a7000000 rw-p 00000000 00:00 0 
a7000000-a7002000 r--s 0000e000 08:01 158003     /home/info/.gradle/caches/modules-2/files-2.1/javax.validation/validation-api/1.0.0.GA/7a561191db2203550fbfa40d534d4997624cd369/validation-api-1.0.0.GA-sources.jar
a7002000-a7005000 r--s 00009000 08:01 158002     /home/info/.gradle/caches/modules-2/files-2.1/javax.validation/validation-api/1.0.0.GA/b6bd7f9d78f6fdaa3c37dae18a4bd298915f328e/validation-api-1.0.0.GA.jar
a7005000-a7006000 r--s 00002000 08:01 158001     /home/info/.gradle/caches/modules-2/files-2.1/com.google.jsinterop/jsinterop-annotations/1.0.1/90645da74a2fc6e8fd8ba81b34899aef0d553d89/jsinterop-annotations-1.0.1-sources.jar
a7006000-a7007000 r--s 00000000 08:01 158000     /home/info/.gradle/caches/modules-2/files-2.1/com.google.jsinterop/jsinterop-annotations/1.0.1/e9135c43d12b30a6d02706e97ce256a90d68dc9d/jsinterop-annotations-1.0.1.jar
a7007000-a700f000 r--s 00056000 08:01 157998     /home/info/.gradle/caches/modules-2/files-2.1/com.badlogicgames.gdx/gdx-box2d-gwt/1.9.5/96c9fb56909fce5671fe7d3564e4eb2fa584580c/gdx-box2d-gwt-1.9.5-sources.jar
a700f000-a702a000 r--s 001b3000 08:01 157938     /home/info/.gradle/caches/modules-2/files-2.1/com.badlogicgames.gdx/gdx/1.9.5/dc65bb2f51828c58b1b2b3ac585357204d54ee5f/gdx-1.9.5.jar
a702a000-a703a000 r--s 0012b000 08:01 157996     /home/info/.gradle/caches/modules-2/files-2.1/com.badlogicgames.gdx/gdx/1.9.5/df0e6a52ed42009b20ab64cc81e57c3ae24d9109/gdx-1.9.5-sources.jar
a703a000-a7052000 rw-p 00000000 00:00 0 
a7052000-a7053000 ---p 00000000 00:00 0 
a7053000-a70fe000 rw-p 00000000 00:00 0 
a70fe000-a7493000 ---p 00000000 00:00 0 
a7493000-a7f23000 rwxp 00000000 00:00 0 
a7f23000-b6493000 ---p 00000000 00:00 0 
b6493000-b64ac000 r-xp 00000000 08:01 422878     /usr/lib/jvm/java-8-oracle/jre/lib/i386/libzip.so
b64ac000-b64ad000 rw-p 00019000 08:01 422878     /usr/lib/jvm/java-8-oracle/jre/lib/i386/libzip.so
b64ad000-b64b8000 r-xp 00000000 08:01 1048650    /lib/i386-linux-gnu/libnss_files-2.23.so
b64b8000-b64b9000 r--p 0000a000 08:01 1048650    /lib/i386-linux-gnu/libnss_files-2.23.so
b64b9000-b64ba000 rw-p 0000b000 08:01 1048650    /lib/i386-linux-gnu/libnss_files-2.23.so
b64ba000-b64c0000 rw-p 00000000 00:00 0 
b64c0000-b64cb000 r-xp 00000000 08:01 1048636    /lib/i386-linux-gnu/libnss_nis-2.23.so
b64cb000-b64cc000 r--p 0000a000 08:01 1048636    /lib/i386-linux-gnu/libnss_nis-2.23.so
b64cc000-b64cd000 rw-p 0000b000 08:01 1048636    /lib/i386-linux-gnu/libnss_nis-2.23.so
b64cd000-b64e4000 r-xp 00000000 08:01 1048646    /lib/i386-linux-gnu/libnsl-2.23.so
b64e4000-b64e5000 r--p 00016000 08:01 1048646    /lib/i386-linux-gnu/libnsl-2.23.so
b64e5000-b64e6000 rw-p 00017000 08:01 1048646    /lib/i386-linux-gnu/libnsl-2.23.so
b64e6000-b64e8000 rw-p 00000000 00:00 0 
b64e8000-b64f0000 r--s 0005f000 08:01 157995     /home/info/.gradle/caches/modules-2/files-2.1/com.badlogicgames.gdx/gdx-backend-gwt/1.9.5/5da98d38e8328b1ef2a9b21fdbbd15b3ed2efac1/gdx-backend-gwt-1.9.5-sources.jar
b64f0000-b64f8000 r--s 00058000 08:01 157994     /home/info/.gradle/caches/modules-2/files-2.1/com.badlogicgames.gdx/gdx-backend-gwt/1.9.5/1b9edb887dd3fe5b9d83733a232fc36ab0e7a7f9/gdx-backend-gwt-1.9.5.jar
b64f8000-b6500000 rw-s 00000000 08:01 158155     /tmp/hsperfdata_info/4805
b6500000-b65ff000 rw-p 00000000 00:00 0 
b65ff000-b6600000 ---p 00000000 00:00 0 
b6600000-b6602000 r--s 00010000 08:01 157939     /home/info/.gradle/caches/modules-2/files-2.1/com.badlogicgames.gdx/gdx-box2d/1.9.5/c8098219abfe00b849cc43d461b1105fea3a2944/gdx-box2d-1.9.5.jar
b6602000-b6605000 r--s 00011000 08:01 157997     /home/info/.gradle/caches/modules-2/files-2.1/com.badlogicgames.gdx/gdx-box2d/1.9.5/75c262f9ca8e522063388daf21c2a91a60724a1b/gdx-box2d-1.9.5-sources.jar
b6605000-b6606000 r--s 00000000 08:01 966346     /home/info/NetBeansProjects/GDX/core/build/libs/core-1.0.jar
b6606000-b662a000 r-xp 00000000 08:01 422873     /usr/lib/jvm/java-8-oracle/jre/lib/i386/libjava.so
b662a000-b662b000 rw-p 00024000 08:01 422873     /usr/lib/jvm/java-8-oracle/jre/lib/i386/libjava.so
b662b000-b6632000 r-xp 00000000 08:01 1048635    /lib/i386-linux-gnu/librt-2.23.so
b6632000-b6633000 r--p 00006000 08:01 1048635    /lib/i386-linux-gnu/librt-2.23.so
b6633000-b6634000 rw-p 00007000 08:01 1048635    /lib/i386-linux-gnu/librt-2.23.so
b6634000-b6637000 ---p 00000000 00:00 0 
b6637000-b6685000 rw-p 00000000 00:00 0 
b6685000-b66d8000 r-xp 00000000 08:01 1048644    /lib/i386-linux-gnu/libm-2.23.so
b66d8000-b66d9000 r--p 00052000 08:01 1048644    /lib/i386-linux-gnu/libm-2.23.so
b66d9000-b66da000 rw-p 00053000 08:01 1048644    /lib/i386-linux-gnu/libm-2.23.so
b66da000-b7065000 r-xp 00000000 08:01 422858     /usr/lib/jvm/java-8-oracle/jre/lib/i386/server/libjvm.so
b7065000-b70d2000 rw-p 0098b000 08:01 422858     /usr/lib/jvm/java-8-oracle/jre/lib/i386/server/libjvm.so
b70d2000-b74fb000 rw-p 00000000 00:00 0 
b74fb000-b76aa000 r-xp 00000000 08:01 1048639    /lib/i386-linux-gnu/libc-2.23.so
b76aa000-b76ab000 ---p 001af000 08:01 1048639    /lib/i386-linux-gnu/libc-2.23.so
b76ab000-b76ad000 r--p 001af000 08:01 1048639    /lib/i386-linux-gnu/libc-2.23.so
b76ad000-b76ae000 rw-p 001b1000 08:01 1048639    /lib/i386-linux-gnu/libc-2.23.so
b76ae000-b76b1000 rw-p 00000000 00:00 0 
b76b1000-b76b4000 r-xp 00000000 08:01 1048638    /lib/i386-linux-gnu/libdl-2.23.so
b76b4000-b76b5000 r--p 00002000 08:01 1048638    /lib/i386-linux-gnu/libdl-2.23.so
b76b5000-b76b6000 rw-p 00003000 08:01 1048638    /lib/i386-linux-gnu/libdl-2.23.so
b76b6000-b76ca000 r-xp 00000000 08:01 422866     /usr/lib/jvm/java-8-oracle/jre/lib/i386/jli/libjli.so
b76ca000-b76cb000 rw-p 00014000 08:01 422866     /usr/lib/jvm/java-8-oracle/jre/lib/i386/jli/libjli.so
b76cb000-b76e4000 r-xp 00000000 08:01 1048645    /lib/i386-linux-gnu/libpthread-2.23.so
b76e4000-b76e5000 r--p 00018000 08:01 1048645    /lib/i386-linux-gnu/libpthread-2.23.so
b76e5000-b76e6000 rw-p 00019000 08:01 1048645    /lib/i386-linux-gnu/libpthread-2.23.so
b76e6000-b76e8000 rw-p 00000000 00:00 0 
b76e8000-b76f0000 r-xp 00000000 08:01 1048647    /lib/i386-linux-gnu/libnss_compat-2.23.so
b76f0000-b76f1000 r--p 00007000 08:01 1048647    /lib/i386-linux-gnu/libnss_compat-2.23.so
b76f1000-b76f2000 rw-p 00008000 08:01 1048647    /lib/i386-linux-gnu/libnss_compat-2.23.so
b76f2000-b76f3000 rw-p 00000000 00:00 0 
b76f3000-b76f4000 ---p 00000000 00:00 0 
b76f4000-b76ff000 r-xp 00000000 08:01 422822     /usr/lib/jvm/java-8-oracle/jre/lib/i386/libverify.so
b76ff000-b7700000 rw-p 0000b000 08:01 422822     /usr/lib/jvm/java-8-oracle/jre/lib/i386/libverify.so
b7700000-b7702000 rw-p 00000000 00:00 0 
b7702000-b7704000 r--p 00000000 00:00 0          [vvar]
b7704000-b7705000 r-xp 00000000 00:00 0          [vdso]
b7705000-b7727000 r-xp 00000000 08:01 1048629    /lib/i386-linux-gnu/ld-2.23.so
b7727000-b7728000 rw-p 00000000 00:00 0 
b7728000-b7729000 r--p 00022000 08:01 1048629    /lib/i386-linux-gnu/ld-2.23.so
b7729000-b772a000 rw-p 00023000 08:01 1048629    /lib/i386-linux-gnu/ld-2.23.so
bfb38000-bfb39000 rwxp 00000000 00:00 0 
bfb69000-bfb8c000 rw-p 00000000 00:00 0          [stack]

VM Arguments:
jvm_args: -Dgwt.persistentunitcachedir=/home/info/NetBeansProjects/GDX/html/build/gwt/cache -Xms1G -Xmx1G -Dfile.encoding=UTF-8 -Duser.country=DE -Duser.language=de -Duser.variant 
java_command: com.google.gwt.dev.CompilePermsServer -host localhost -port 40062 -logLevel WARN -cookie 5841137AA7CBB95EED35A5799CD3E056
java_class_path (initial): /home/info/NetBeansProjects/GDX/html/src:/home/info/NetBeansProjects/GDX/core/build/libs/core-1.0.jar:/home/info/.gradle/caches/modules-2/files-2.1/com.badlogicgames.gdx/gdx-backend-gwt/1.9.5/1b9edb887dd3fe5b9d83733a232fc36ab0e7a7f9/gdx-backend-gwt-1.9.5.jar:/home/info/.gradle/caches/modules-2/files-2.1/com.badlogicgames.gdx/gdx-backend-gwt/1.9.5/5da98d38e8328b1ef2a9b21fdbbd15b3ed2efac1/gdx-backend-gwt-1.9.5-sources.jar:/home/info/.gradle/caches/modules-2/files-2.1/com.badlogicgames.gdx/gdx/1.9.5/df0e6a52ed42009b20ab64cc81e57c3ae24d9109/gdx-1.9.5-sources.jar:/home/info/.gradle/caches/modules-2/files-2.1/com.badlogicgames.gdx/gdx/1.9.5/dc65bb2f51828c58b1b2b3ac585357204d54ee5f/gdx-1.9.5.jar:/home/info/.gradle/caches/modules-2/files-2.1/com.badlogicgames.gdx/gdx-box2d/1.9.5/75c262f9ca8e522063388daf21c2a91a60724a1b/gdx-box2d-1.9.5-sources.jar:/home/info/.gradle/caches/modules-2/files-2.1/com.badlogicgames.gdx/gdx-box2d/1.9.5/c8098219abfe00b849cc43d461b1105fea3a2944/gdx-box2d-1.9.5.jar:/home/info/.gradle/caches/modules-2/files-2.1/com.badlogicgames.gdx/gdx-box2d-gwt/1.9.5/96c9fb56909fce5671fe7d3564e4eb2fa584580c/gdx-box2d-gwt-1.9.5-sources.jar:/home/info/.gradle/caches/modules-2/files-2.1/com.google.gwt/gwt-user/2.8.0/518579870499e15531f454f35dca0772d7fa31f7/gwt-user-2.8.0.jar:/home/info/.gradle/caches/modules-2/files-2.1/com.google.jsinterop/jsinterop-annotations/1.0.1/e9135c43d12b30a6d02706e97ce256a90d68dc9d/jsinterop-annotations-1.0.1.jar:/home/info/.gradle/caches/modules-2/files-2.1/com.google.jsinterop/jsinterop-annotations/1.0.1/90645da74a2fc6e8fd8ba81b34899aef0d553d89/jsinterop-annotations-1.0.1-sources.jar:/home/info/.gradle/caches/modules-2/files-2.1/javax.validation/validation-api/1.0.0.GA/b6bd7f9d78f6fdaa3c37dae18a4bd298915f328e/validation-api-1.0.0.GA.jar:/home/info/.gradle/caches/modules-2/files-2.1/javax.validation/validation-api/1.0.0.GA/7a561191db2203550fbfa40d534d4997624cd369/validation-api-1.0.0.GA-sources.jar:/home/info/.gr
Launcher Type: SUN_STANDARD

Environment Variables:
JAVA_HOME=/usr/lib/jvm/java-8-oracle
PATH=/usr/local/sbin:/usr/local/bin:/usr/sbin:/usr/bin:/sbin:/bin:/usr/games:/usr/local/games:/usr/lib/jvm/java-8-oracle/bin:/usr/lib/jvm/java-8-oracle/db/bin:/usr/lib/jvm/java-8-oracle/jre/bin
USERNAME=info
LD_LIBRARY_PATH=/usr/lib/jvm/java-8-oracle/jre/lib/amd64:/usr/lib/jvm/java-8-oracle/jre/lib/i386:
SHELL=/bin/bash
DISPLAY=:0

Signal Handlers:
SIGSEGV: [libjvm.so+0x8d66b0], sa_mask[0]=11111111011111111101111111111110, sa_flags=SA_RESTART|SA_SIGINFO
SIGBUS: [libjvm.so+0x8d66b0], sa_mask[0]=11111111011111111101111111111110, sa_flags=SA_RESTART|SA_SIGINFO
SIGFPE: [libjvm.so+0x753700], sa_mask[0]=11111111011111111101111111111110, sa_flags=SA_RESTART|SA_SIGINFO
SIGPIPE: [libjvm.so+0x753700], sa_mask[0]=11111111011111111101111111111110, sa_flags=SA_RESTART|SA_SIGINFO
SIGXFSZ: [libjvm.so+0x753700], sa_mask[0]=11111111011111111101111111111110, sa_flags=SA_RESTART|SA_SIGINFO
SIGILL: [libjvm.so+0x753700], sa_mask[0]=11111111011111111101111111111110, sa_flags=SA_RESTART|SA_SIGINFO
SIGUSR1: SIG_DFL, sa_mask[0]=00000000000000000000000000000000, sa_flags=none
SIGUSR2: [libjvm.so+0x754d80], sa_mask[0]=00100000000000000000000000000000, sa_flags=SA_RESTART|SA_SIGINFO
SIGHUP: [libjvm.so+0x756230], sa_mask[0]=11111111011111111101111111111110, sa_flags=SA_RESTART|SA_SIGINFO
SIGINT: SIG_IGN, sa_mask[0]=00000000000000000000000000000000, sa_flags=none
SIGTERM: [libjvm.so+0x756230], sa_mask[0]=11111111011111111101111111111110, sa_flags=SA_RESTART|SA_SIGINFO
SIGQUIT: [libjvm.so+0x756230], sa_mask[0]=11111111011111111101111111111110, sa_flags=SA_RESTART|SA_SIGINFO


---------------  S Y S T E M  ---------------

OS:DISTRIB_ID=LinuxMint
DISTRIB_RELEASE=18
DISTRIB_CODENAME=sarah
DISTRIB_DESCRIPTION="Linux Mint 18 Sarah"

uname:Linux 4.4.0-53-generic #74-Ubuntu SMP Fri Dec 2 15:58:04 UTC 2016 i686
libc:glibc 2.23 NPTL 2.23 
rlimit: STACK 8192k, CORE 0k, NPROC 19853, NOFILE 65536, AS infinity
load average:5,59 1,83 0,77

/proc/meminfo:
MemTotal:        2580952 kB
MemFree:         1209404 kB
MemAvailable:    1062176 kB
Buffers:             540 kB
Cached:            36732 kB
SwapCached:         1124 kB
Active:           858332 kB
Inactive:         426280 kB
Active(anon):     851832 kB
Inactive(anon):   408996 kB
Active(file):       6500 kB
Inactive(file):    17284 kB
Unevictable:           0 kB
Mlocked:               0 kB
HighTotal:       1707912 kB
HighFree:         770236 kB
LowTotal:         873040 kB
LowFree:          439168 kB
SwapTotal:       1046524 kB
SwapFree:          19200 kB
Dirty:               380 kB
Writeback:             0 kB
AnonPages:       1246448 kB
Mapped:            16436 kB
Shmem:             13292 kB
Slab:              37384 kB
SReclaimable:      18244 kB
SUnreclaim:        19140 kB
KernelStack:        4544 kB
PageTables:        11268 kB
NFS_Unstable:          0 kB
Bounce:                0 kB
WritebackTmp:          0 kB
CommitLimit:     2337000 kB
Committed_AS:    5542552 kB
VmallocTotal:     122880 kB
VmallocUsed:           0 kB
VmallocChunk:          0 kB
AnonHugePages:    622592 kB
CmaTotal:              0 kB
CmaFree:               0 kB
HugePages_Total:       0
HugePages_Free:        0
HugePages_Rsvd:        0
HugePages_Surp:        0
Hugepagesize:       2048 kB
DirectMap4k:       38904 kB
DirectMap2M:      874496 kB


CPU:total 3 (3 cores per cpu, 1 threads per core) family 6 model 94 stepping 3, cmov, cx8, fxsr, mmx, sse, sse2, sse3, ssse3, sse4.1, sse4.2, popcnt, avx, avx2, aes, clmul, erms, rtm, 3dnowpref, lzcnt, tsc, tscinvbit, bmi1, bmi2, adx

/proc/cpuinfo:
processor	: 0
vendor_id	: GenuineIntel
cpu family	: 6
model		: 94
model name	: Intel(R) Core(TM) i7-6700K CPU @ 4.00GHz
stepping	: 3
microcode	: 0x39
cpu MHz		: 4008.007
cache size	: 8192 KB
physical id	: 0
siblings	: 3
core id		: 0
cpu cores	: 3
apicid		: 0
initial apicid	: 0
fdiv_bug	: no
f00f_bug	: no
coma_bug	: no
fpu		: yes
fpu_exception	: yes
cpuid level	: 22
wp		: yes
flags		: fpu vme de pse tsc msr pae mce cx8 apic sep mtrr pge mca cmov pat pse36 clflush dts mmx fxsr sse sse2 ss ht nx pdpe1gb rdtscp lm constant_tsc arch_perfmon pebs bts xtopology tsc_reliable nonstop_tsc aperfmperf eagerfpu pni pclmulqdq ssse3 fma cx16 pcid sse4_1 sse4_2 x2apic movbe popcnt tsc_deadline_timer aes xsave avx f16c rdrand hypervisor lahf_lm abm 3dnowprefetch fsgsbase tsc_adjust bmi1 hle avx2 smep bmi2 invpcid rtm rdseed adx smap xsaveopt xsavec xgetbv1 dtherm ida arat pln pts hwp hwp_notify hwp_act_window hwp_epp
bugs		:
bogomips	: 8016.01
clflush size	: 64
cache_alignment	: 64
address sizes	: 42 bits physical, 48 bits virtual
power management:

processor	: 1
vendor_id	: GenuineIntel
cpu family	: 6
model		: 94
model name	: Intel(R) Core(TM) i7-6700K CPU @ 4.00GHz
stepping	: 3
microcode	: 0x39
cpu MHz		: 4008.007
cache size	: 8192 KB
physical id	: 0
siblings	: 3
core id		: 1
cpu cores	: 3
apicid		: 1
initial apicid	: 1
fdiv_bug	: no
f00f_bug	: no
coma_bug	: no
fpu		: yes
fpu_exception	: yes
cpuid level	: 22
wp		: yes
flags		: fpu vme de pse tsc msr pae mce cx8 apic sep mtrr pge mca cmov pat pse36 clflush dts mmx fxsr sse sse2 ss ht nx pdpe1gb rdtscp lm constant_tsc arch_perfmon pebs bts xtopology tsc_reliable nonstop_tsc aperfmperf eagerfpu pni pclmulqdq ssse3 fma cx16 pcid sse4_1 sse4_2 x2apic movbe popcnt tsc_deadline_timer aes xsave avx f16c rdrand hypervisor lahf_lm abm 3dnowprefetch fsgsbase tsc_adjust bmi1 hle avx2 smep bmi2 invpcid rtm rdseed adx smap xsaveopt xsavec xgetbv1 dtherm ida arat pln pts hwp hwp_notify hwp_act_window hwp_epp
bugs		:
bogomips	: 8016.01
clflush size	: 64
cache_alignment	: 64
address sizes	: 42 bits physical, 48 bits virtual
power management:

processor	: 2
vendor_id	: GenuineIntel
cpu family	: 6
model		: 94
model name	: Intel(R) Core(TM) i7-6700K CPU @ 4.00GHz
stepping	: 3
microcode	: 0x39
cpu MHz		: 4008.007
cache size	: 8192 KB
physical id	: 0
siblings	: 3
core id		: 2
cpu cores	: 3
apicid		: 2
initial apicid	: 2
fdiv_bug	: no
f00f_bug	: no
coma_bug	: no
fpu		: yes
fpu_exception	: yes
cpuid level	: 22
wp		: yes
flags		: fpu vme de pse tsc msr pae mce cx8 apic sep mtrr pge mca cmov pat pse36 clflush dts mmx fxsr sse sse2 ss ht nx pdpe1gb rdtscp lm constant_tsc arch_perfmon pebs bts xtopology tsc_reliable nonstop_tsc aperfmperf eagerfpu pni pclmulqdq ssse3 fma cx16 pcid sse4_1 sse4_2 x2apic movbe popcnt tsc_deadline_timer aes xsave avx f16c rdrand hypervisor lahf_lm abm 3dnowprefetch fsgsbase tsc_adjust bmi1 hle avx2 smep bmi2 invpcid rtm rdseed adx smap xsaveopt xsavec xgetbv1 dtherm ida arat pln pts hwp hwp_notify hwp_act_window hwp_epp
bugs		:
bogomips	: 8016.01
clflush size	: 64
cache_alignment	: 64
address sizes	: 42 bits physical, 48 bits virtual
power management:



Memory: 4k page, physical 2580952k(1209404k free), swap 1046524k(19200k free)

vm_info: Java HotSpot(TM) Server VM (25.111-b14) for linux-x86 JRE (1.8.0_111-b14), built on Sep 22 2016 15:52:27 by "java_re" with gcc 4.3.0 20080428 (Red Hat 4.3.0-8)

time: Tue Dec 13 19:25:58 2016
elapsed time: 36 seconds (0d 0h 0m 36s)

