#
# There is insufficient memory for the Java Runtime Environment to continue.
# Native memory allocation (mmap) failed to map 13893632 bytes for committing reserved memory.
# Possible reasons:
#   The system is out of physical RAM or swap space
#   In 32 bit mode, the process size limit was hit
# Possible solutions:
#   Reduce memory load on the system
#   Increase physical memory or swap space
#   Check if swap backing store is full
#   Use 64 bit Java on a 64 bit OS
#   Decrease Java heap size (-Xmx/-Xms)
#   Decrease number of Java threads
#   Decrease Java thread stack sizes (-Xss)
#   Set larger code cache with -XX:ReservedCodeCacheSize=
# This output file may be truncated or incomplete.
#
#  Out of Memory Error (os_linux.cpp:2627), pid=13971, tid=0xb66fab40
#
# JRE version:  (8.0_111-b14) (build )
# Java VM: Java HotSpot(TM) Server VM (25.111-b14 mixed mode linux-x86 )
# Failed to write core dump. Core dumps have been disabled. To enable core dumping, try "ulimit -c unlimited" before starting Java again
#

---------------  T H R E A D  ---------------

Current thread (0xb6507800):  JavaThread "Unknown thread" [_thread_in_vm, id=13976, stack(0xb66aa000,0xb66fb000)]

Stack: [0xb66aa000,0xb66fb000],  sp=0xb66f9b40,  free space=318k
Native frames: (J=compiled Java code, j=interpreted, Vv=VM code, C=native code)
V  [libjvm.so+0x8d5b9f]  VMError::report_and_die()+0x16f
V  [libjvm.so+0x38e6d5]  report_vm_out_of_memory(char const*, int, unsigned int, VMErrorType, char const*)+0x55
V  [libjvm.so+0x756a26]  os::Linux::commit_memory_impl(char*, unsigned int, bool)+0xe6
V  [libjvm.so+0x756ef8]  os::pd_commit_memory(char*, unsigned int, unsigned int, bool)+0x28
V  [libjvm.so+0x750e1c]  os::commit_memory(char*, unsigned int, unsigned int, bool)+0x2c
V  [libjvm.so+0x7bc308]  PSVirtualSpace::expand_by(unsigned int)+0x48
V  [libjvm.so+0x7bd05c]  PSYoungGen::initialize_virtual_space(ReservedSpace, unsigned int)+0x4c
V  [libjvm.so+0x7bd8a8]  PSYoungGen::initialize(ReservedSpace, unsigned int)+0x28
V  [libjvm.so+0x1a5fba]  AdjoiningGenerations::AdjoiningGenerations(ReservedSpace, GenerationSizer*, unsigned int)+0x2ba
V  [libjvm.so+0x777d6f]  ParallelScavengeHeap::initialize()+0x19f
V  [libjvm.so+0x8a056d]  Universe::initialize_heap()+0xcd
V  [libjvm.so+0x8a08a3]  universe_init()+0x23
V  [libjvm.so+0x4c49e5]  init_globals()+0x55
V  [libjvm.so+0x88568b]  Threads::create_vm(JavaVMInitArgs*, bool*)+0x24b
V  [libjvm.so+0x53f75c]  JNI_CreateJavaVM+0x5c
C  [libjli.so+0x6e28]  JavaMain+0x98
C  [libpthread.so.0+0x6295]  start_thread+0xe5
C  [libc.so.6+0xe6eee]  clone+0x6e


---------------  P R O C E S S  ---------------

Java Threads: ( => current thread )

Other Threads:

=>0xb6507800 (exited) JavaThread "Unknown thread" [_thread_in_vm, id=13976, stack(0xb66aa000,0xb66fb000)]

VM state:not at safepoint (not fully initialized)

VM Mutex/Monitor currently owned by a thread: None

GC Heap History (0 events):
No events

Deoptimization events (0 events):
No events

Internal exceptions (0 events):
No events

Events (0 events):
No events


Dynamic libraries:
08048000-08049000 r-xp 00000000 08:01 292368     /usr/lib/jvm/java-8-oracle/bin/java
08049000-0804a000 rw-p 00000000 08:01 292368     /usr/lib/jvm/java-8-oracle/bin/java
088cf000-088f0000 rw-p 00000000 00:00 0          [heap]
7f800000-99d80000 ---p 00000000 00:00 0 
9a86d000-9aac0000 rw-p 00000000 00:00 0 
9aac0000-a7000000 ---p 00000000 00:00 0 
a7003000-a713f000 ---p 00000000 00:00 0 
a713f000-a7149000 rw-p 00000000 00:00 0 
a7149000-a7500000 ---p 00000000 00:00 0 
a7500000-a7740000 rwxp 00000000 00:00 0 
a7740000-b6500000 ---p 00000000 00:00 0 
b6500000-b6523000 rw-p 00000000 00:00 0 
b6523000-b6600000 ---p 00000000 00:00 0 
b660f000-b6628000 r-xp 00000000 08:01 422878     /usr/lib/jvm/java-8-oracle/jre/lib/i386/libzip.so
b6628000-b6629000 rw-p 00019000 08:01 422878     /usr/lib/jvm/java-8-oracle/jre/lib/i386/libzip.so
b6629000-b6634000 r-xp 00000000 08:01 1048650    /lib/i386-linux-gnu/libnss_files-2.23.so
b6634000-b6635000 r--p 0000a000 08:01 1048650    /lib/i386-linux-gnu/libnss_files-2.23.so
b6635000-b6636000 rw-p 0000b000 08:01 1048650    /lib/i386-linux-gnu/libnss_files-2.23.so
b6636000-b663c000 rw-p 00000000 00:00 0 
b663c000-b6647000 r-xp 00000000 08:01 1048636    /lib/i386-linux-gnu/libnss_nis-2.23.so
b6647000-b6648000 r--p 0000a000 08:01 1048636    /lib/i386-linux-gnu/libnss_nis-2.23.so
b6648000-b6649000 rw-p 0000b000 08:01 1048636    /lib/i386-linux-gnu/libnss_nis-2.23.so
b6649000-b6660000 r-xp 00000000 08:01 1048646    /lib/i386-linux-gnu/libnsl-2.23.so
b6660000-b6661000 r--p 00016000 08:01 1048646    /lib/i386-linux-gnu/libnsl-2.23.so
b6661000-b6662000 rw-p 00017000 08:01 1048646    /lib/i386-linux-gnu/libnsl-2.23.so
b6662000-b6664000 rw-p 00000000 00:00 0 
b6674000-b667c000 rw-s 00000000 08:01 549928     /tmp/hsperfdata_info/13971
b667c000-b66a0000 r-xp 00000000 08:01 422873     /usr/lib/jvm/java-8-oracle/jre/lib/i386/libjava.so
b66a0000-b66a1000 rw-p 00024000 08:01 422873     /usr/lib/jvm/java-8-oracle/jre/lib/i386/libjava.so
b66a1000-b66a8000 r-xp 00000000 08:01 1048635    /lib/i386-linux-gnu/librt-2.23.so
b66a8000-b66a9000 r--p 00006000 08:01 1048635    /lib/i386-linux-gnu/librt-2.23.so
b66a9000-b66aa000 rw-p 00007000 08:01 1048635    /lib/i386-linux-gnu/librt-2.23.so
b66aa000-b66ad000 ---p 00000000 00:00 0 
b66ad000-b66fb000 rw-p 00000000 00:00 0 
b66fb000-b674e000 r-xp 00000000 08:01 1048644    /lib/i386-linux-gnu/libm-2.23.so
b674e000-b674f000 r--p 00052000 08:01 1048644    /lib/i386-linux-gnu/libm-2.23.so
b674f000-b6750000 rw-p 00053000 08:01 1048644    /lib/i386-linux-gnu/libm-2.23.so
b6750000-b70db000 r-xp 00000000 08:01 422858     /usr/lib/jvm/java-8-oracle/jre/lib/i386/server/libjvm.so
b70db000-b7148000 rw-p 0098b000 08:01 422858     /usr/lib/jvm/java-8-oracle/jre/lib/i386/server/libjvm.so
b7148000-b7571000 rw-p 00000000 00:00 0 
b7571000-b7720000 r-xp 00000000 08:01 1048639    /lib/i386-linux-gnu/libc-2.23.so
b7720000-b7721000 ---p 001af000 08:01 1048639    /lib/i386-linux-gnu/libc-2.23.so
b7721000-b7723000 r--p 001af000 08:01 1048639    /lib/i386-linux-gnu/libc-2.23.so
b7723000-b7724000 rw-p 001b1000 08:01 1048639    /lib/i386-linux-gnu/libc-2.23.so
b7724000-b7727000 rw-p 00000000 00:00 0 
b7727000-b772a000 r-xp 00000000 08:01 1048638    /lib/i386-linux-gnu/libdl-2.23.so
b772a000-b772b000 r--p 00002000 08:01 1048638    /lib/i386-linux-gnu/libdl-2.23.so
b772b000-b772c000 rw-p 00003000 08:01 1048638    /lib/i386-linux-gnu/libdl-2.23.so
b772c000-b7740000 r-xp 00000000 08:01 418475     /usr/lib/jvm/java-8-oracle/lib/i386/jli/libjli.so
b7740000-b7741000 rw-p 00014000 08:01 418475     /usr/lib/jvm/java-8-oracle/lib/i386/jli/libjli.so
b7741000-b775a000 r-xp 00000000 08:01 1048645    /lib/i386-linux-gnu/libpthread-2.23.so
b775a000-b775b000 r--p 00018000 08:01 1048645    /lib/i386-linux-gnu/libpthread-2.23.so
b775b000-b775c000 rw-p 00019000 08:01 1048645    /lib/i386-linux-gnu/libpthread-2.23.so
b775c000-b775e000 rw-p 00000000 00:00 0 
b775e000-b7766000 r-xp 00000000 08:01 1048647    /lib/i386-linux-gnu/libnss_compat-2.23.so
b7766000-b7767000 r--p 00007000 08:01 1048647    /lib/i386-linux-gnu/libnss_compat-2.23.so
b7767000-b7768000 rw-p 00008000 08:01 1048647    /lib/i386-linux-gnu/libnss_compat-2.23.so
b7768000-b7769000 rw-p 00000000 00:00 0 
b7769000-b776a000 r--p 00000000 00:00 0 
b776a000-b7775000 r-xp 00000000 08:01 422822     /usr/lib/jvm/java-8-oracle/jre/lib/i386/libverify.so
b7775000-b7776000 rw-p 0000b000 08:01 422822     /usr/lib/jvm/java-8-oracle/jre/lib/i386/libverify.so
b7776000-b7778000 rw-p 00000000 00:00 0 
b7778000-b777a000 r--p 00000000 00:00 0          [vvar]
b777a000-b777b000 r-xp 00000000 00:00 0          [vdso]
b777b000-b779d000 r-xp 00000000 08:01 1048629    /lib/i386-linux-gnu/ld-2.23.so
b779d000-b779e000 rw-p 00000000 00:00 0 
b779e000-b779f000 r--p 00022000 08:01 1048629    /lib/i386-linux-gnu/ld-2.23.so
b779f000-b77a0000 rw-p 00023000 08:01 1048629    /lib/i386-linux-gnu/ld-2.23.so
bfa13000-bfa14000 rwxp 00000000 00:00 0 
bfa46000-bfa67000 rw-p 00000000 00:00 0          [stack]

VM Arguments:
jvm_args: -Dfile.encoding=UTF-8 -Duser.country=DE -Duser.language=de -Duser.variant 
java_command: com.game.GameSettings.SaveGameHandler
java_class_path (initial): /media/RBB_HOME/Oberstufen_Projekt/Projekt/Projekt/GDX/core/build/classes/main:/media/RBB_HOME/Oberstufen_Projekt/Projekt/Projekt/GDX/core/build/resources/main:/home/info/.gradle/caches/modules-2/files-2.1/com.badlogicgames.gdx/gdx/1.9.5/dc65bb2f51828c58b1b2b3ac585357204d54ee5f/gdx-1.9.5.jar:/home/info/.gradle/caches/modules-2/files-2.1/com.badlogicgames.gdx/gdx-box2d/1.9.5/c8098219abfe00b849cc43d461b1105fea3a2944/gdx-box2d-1.9.5.jar
Launcher Type: SUN_STANDARD

Environment Variables:
JAVA_HOME=/usr/lib/jvm/java-8-oracle
PATH=/usr/local/sbin:/usr/local/bin:/usr/sbin:/usr/bin:/sbin:/bin:/usr/games:/usr/local/games:/usr/lib/jvm/java-8-oracle/bin:/usr/lib/jvm/java-8-oracle/db/bin:/usr/lib/jvm/java-8-oracle/jre/bin
USERNAME=info
LD_LIBRARY_PATH=/usr/lib/jvm/java-8-oracle/jre/lib/amd64:/usr/lib/jvm/java-8-oracle/jre/lib/i386:
SHELL=/bin/bash
DISPLAY=:0

Signal Handlers:
SIGSEGV: [libjvm.so+0x8d66b0], sa_mask[0]=11111111011111111101111111111110, sa_flags=SA_RESTART|SA_SIGINFO
SIGBUS: [libjvm.so+0x8d66b0], sa_mask[0]=11111111011111111101111111111110, sa_flags=SA_RESTART|SA_SIGINFO
SIGFPE: [libjvm.so+0x753700], sa_mask[0]=11111111011111111101111111111110, sa_flags=SA_RESTART|SA_SIGINFO
SIGPIPE: [libjvm.so+0x753700], sa_mask[0]=11111111011111111101111111111110, sa_flags=SA_RESTART|SA_SIGINFO
SIGXFSZ: [libjvm.so+0x753700], sa_mask[0]=11111111011111111101111111111110, sa_flags=SA_RESTART|SA_SIGINFO
SIGILL: [libjvm.so+0x753700], sa_mask[0]=11111111011111111101111111111110, sa_flags=SA_RESTART|SA_SIGINFO
SIGUSR1: SIG_DFL, sa_mask[0]=00000000000000000000000000000000, sa_flags=none
SIGUSR2: [libjvm.so+0x754d80], sa_mask[0]=00100000000000000000000000000000, sa_flags=SA_RESTART|SA_SIGINFO
SIGHUP: SIG_DFL, sa_mask[0]=00000000000000000000000000000000, sa_flags=none
SIGINT: SIG_IGN, sa_mask[0]=00000000000000000000000000000000, sa_flags=none
SIGTERM: SIG_DFL, sa_mask[0]=00000000000000000000000000000000, sa_flags=none
SIGQUIT: SIG_DFL, sa_mask[0]=00000000000000000000000000000000, sa_flags=none


---------------  S Y S T E M  ---------------

OS:DISTRIB_ID=LinuxMint
DISTRIB_RELEASE=18
DISTRIB_CODENAME=sarah
DISTRIB_DESCRIPTION="Linux Mint 18 Sarah"

uname:Linux 4.4.0-53-generic #74-Ubuntu SMP Fri Dec 2 15:58:04 UTC 2016 i686
libc:glibc 2.23 NPTL 2.23 
rlimit: STACK 8192k, CORE 0k, NPROC 19853, NOFILE 65536, AS infinity
load average:5.15 1.58 0.93

/proc/meminfo:
MemTotal:        2580952 kB
MemFree:          142332 kB
MemAvailable:          0 kB
Buffers:             308 kB
Cached:            32816 kB
SwapCached:          364 kB
Active:          1584996 kB
Inactive:         756112 kB
Active(anon):    1575788 kB
Inactive(anon):   746536 kB
Active(file):       9208 kB
Inactive(file):     9576 kB
Unevictable:          32 kB
Mlocked:              32 kB
HighTotal:       1707912 kB
HighFree:          21692 kB
LowTotal:         873040 kB
LowFree:          120640 kB
SwapTotal:       1046524 kB
SwapFree:              0 kB
Dirty:               316 kB
Writeback:             0 kB
AnonPages:       2308668 kB
Mapped:            16240 kB
Shmem:             13600 kB
Slab:              38228 kB
SReclaimable:      17016 kB
SUnreclaim:        21212 kB
KernelStack:        5600 kB
PageTables:        13988 kB
NFS_Unstable:          0 kB
Bounce:                0 kB
WritebackTmp:          0 kB
CommitLimit:     2337000 kB
Committed_AS:    6330928 kB
VmallocTotal:     122880 kB
VmallocUsed:           0 kB
VmallocChunk:          0 kB
AnonHugePages:   1118208 kB
CmaTotal:              0 kB
CmaFree:               0 kB
HugePages_Total:       0
HugePages_Free:        0
HugePages_Rsvd:        0
HugePages_Surp:        0
Hugepagesize:       2048 kB
DirectMap4k:       32760 kB
DirectMap2M:      880640 kB


CPU:total 3 (3 cores per cpu, 1 threads per core) family 6 model 60 stepping 3, cmov, cx8, fxsr, mmx, sse, sse2, sse3, ssse3, sse4.1, sse4.2, popcnt, avx, aes, clmul, erms, tsc, tscinvbit

/proc/cpuinfo:
processor	: 0
vendor_id	: GenuineIntel
cpu family	: 6
model		: 60
model name	: Intel(R) Core(TM) i5-4460  CPU @ 3.20GHz
stepping	: 3
microcode	: 0x19
cpu MHz		: 3192.607
cache size	: 6144 KB
physical id	: 0
siblings	: 3
core id		: 0
cpu cores	: 3
apicid		: 0
initial apicid	: 0
fdiv_bug	: no
f00f_bug	: no
coma_bug	: no
fpu		: yes
fpu_exception	: yes
cpuid level	: 13
wp		: yes
flags		: fpu vme de pse tsc msr pae mce cx8 apic sep mtrr pge mca cmov pat pse36 clflush dts mmx fxsr sse sse2 ss ht nx pdpe1gb rdtscp lm constant_tsc arch_perfmon pebs bts xtopology tsc_reliable nonstop_tsc aperfmperf pni pclmulqdq ssse3 fma cx16 pcid sse4_1 sse4_2 x2apic movbe popcnt aes xsave avx f16c rdrand hypervisor lahf_lm epb fsgsbase smep dtherm ida arat pln pts
bugs		:
bogomips	: 6385.21
clflush size	: 64
cache_alignment	: 64
address sizes	: 40 bits physical, 48 bits virtual
power management:

processor	: 1
vendor_id	: GenuineIntel
cpu family	: 6
model		: 60
model name	: Intel(R) Core(TM) i5-4460  CPU @ 3.20GHz
stepping	: 3
microcode	: 0x19
cpu MHz		: 3192.607
cache size	: 6144 KB
physical id	: 0
siblings	: 3
core id		: 1
cpu cores	: 3
apicid		: 1
initial apicid	: 1
fdiv_bug	: no
f00f_bug	: no
coma_bug	: no
fpu		: yes
fpu_exception	: yes
cpuid level	: 13
wp		: yes
flags		: fpu vme de pse tsc msr pae mce cx8 apic sep mtrr pge mca cmov pat pse36 clflush dts mmx fxsr sse sse2 ss ht nx pdpe1gb rdtscp lm constant_tsc arch_perfmon pebs bts xtopology tsc_reliable nonstop_tsc aperfmperf pni pclmulqdq ssse3 fma cx16 pcid sse4_1 sse4_2 x2apic movbe popcnt aes xsave avx f16c rdrand hypervisor lahf_lm epb fsgsbase smep dtherm ida arat pln pts
bugs		:
bogomips	: 6385.21
clflush size	: 64
cache_alignment	: 64
address sizes	: 40 bits physical, 48 bits virtual
power management:

processor	: 2
vendor_id	: GenuineIntel
cpu family	: 6
model		: 60
model name	: Intel(R) Core(TM) i5-4460  CPU @ 3.20GHz
stepping	: 3
microcode	: 0x19
cpu MHz		: 3192.607
cache size	: 6144 KB
physical id	: 0
siblings	: 3
core id		: 2
cpu cores	: 3
apicid		: 2
initial apicid	: 2
fdiv_bug	: no
f00f_bug	: no
coma_bug	: no
fpu		: yes
fpu_exception	: yes
cpuid level	: 13
wp		: yes
flags		: fpu vme de pse tsc msr pae mce cx8 apic sep mtrr pge mca cmov pat pse36 clflush dts mmx fxsr sse sse2 ss ht nx pdpe1gb rdtscp lm constant_tsc arch_perfmon pebs bts xtopology tsc_reliable nonstop_tsc aperfmperf pni pclmulqdq ssse3 fma cx16 pcid sse4_1 sse4_2 x2apic movbe popcnt aes xsave avx f16c rdrand hypervisor lahf_lm epb fsgsbase smep dtherm ida arat pln pts
bugs		:
bogomips	: 6385.21
clflush size	: 64
cache_alignment	: 64
address sizes	: 40 bits physical, 48 bits virtual
power management:



Memory: 4k page, physical 2580952k(136184k free), swap 1046524k(0k free)

vm_info: Java HotSpot(TM) Server VM (25.111-b14) for linux-x86 JRE (1.8.0_111-b14), built on Sep 22 2016 15:52:27 by "java_re" with gcc 4.3.0 20080428 (Red Hat 4.3.0-8)

time: Fri Feb  3 12:01:47 2017
elapsed time: 0 seconds (0d 0h 0m 0s)

